<?xml version="1.0" encoding="UTF-8"?>
<testsuite name="com.mindex.challenge.ChallengeApplicationTests" tests="1" skipped="0" failures="0" errors="0" timestamp="2021-04-13T06:21:58" hostname="Adityas-MacBook-Pro.local" time="0.003">
  <properties/>
  <testcase name="contextLoads" classname="com.mindex.challenge.ChallengeApplicationTests" time="0.003"/>
  <system-out><![CDATA[2021-04-12 23:21:58.438  INFO 26858 --- [    Test worker] .b.t.c.SpringBootTestContextBootstrapper : Neither @ContextConfiguration nor @ContextHierarchy found for test class [com.mindex.challenge.ChallengeApplicationTests], using SpringBootContextLoader
2021-04-12 23:21:58.439  INFO 26858 --- [    Test worker] o.s.t.c.support.AbstractContextLoader    : Could not detect default resource locations for test class [com.mindex.challenge.ChallengeApplicationTests]: no resource found for suffixes {-context.xml, Context.groovy}.
2021-04-12 23:21:58.439  INFO 26858 --- [    Test worker] t.c.s.AnnotationConfigContextLoaderUtils : Could not detect default configuration classes for test class [com.mindex.challenge.ChallengeApplicationTests]: ChallengeApplicationTests does not declare any static, non-private, non-final, nested classes annotated with @Configuration.
2021-04-12 23:21:58.440  INFO 26858 --- [    Test worker] .b.t.c.SpringBootTestContextBootstrapper : Found @SpringBootConfiguration com.mindex.challenge.ChallengeApplication for test class com.mindex.challenge.ChallengeApplicationTests
2021-04-12 23:21:58.442  INFO 26858 --- [    Test worker] .b.t.c.SpringBootTestContextBootstrapper : Loaded default TestExecutionListener class names from location [META-INF/spring.factories]: [org.springframework.boot.test.autoconfigure.restdocs.RestDocsTestExecutionListener, org.springframework.boot.test.autoconfigure.web.client.MockRestServiceServerResetTestExecutionListener, org.springframework.boot.test.autoconfigure.web.servlet.MockMvcPrintOnlyOnFailureTestExecutionListener, org.springframework.boot.test.autoconfigure.web.servlet.WebDriverTestExecutionListener, org.springframework.boot.test.mock.mockito.MockitoTestExecutionListener, org.springframework.boot.test.mock.mockito.ResetMocksTestExecutionListener, org.springframework.test.context.web.ServletTestExecutionListener, org.springframework.test.context.support.DirtiesContextBeforeModesTestExecutionListener, org.springframework.test.context.support.DependencyInjectionTestExecutionListener, org.springframework.test.context.support.DirtiesContextTestExecutionListener, org.springframework.test.context.transaction.TransactionalTestExecutionListener, org.springframework.test.context.jdbc.SqlScriptsTestExecutionListener, org.springframework.test.context.event.EventPublishingTestExecutionListener]
2021-04-12 23:21:58.442  INFO 26858 --- [    Test worker] .b.t.c.SpringBootTestContextBootstrapper : Using TestExecutionListeners: [org.springframework.test.context.web.ServletTestExecutionListener@63a4aa5a, org.springframework.test.context.support.DirtiesContextBeforeModesTestExecutionListener@36db1a1d, org.springframework.boot.test.mock.mockito.MockitoTestExecutionListener@1d1686c9, org.springframework.boot.test.autoconfigure.SpringBootDependencyInjectionTestExecutionListener@6789dc61, org.springframework.test.context.support.DirtiesContextTestExecutionListener@21394cb0, org.springframework.test.context.transaction.TransactionalTestExecutionListener@4f5ca178, org.springframework.test.context.jdbc.SqlScriptsTestExecutionListener@66d55694, org.springframework.test.context.event.EventPublishingTestExecutionListener@4f16e4fb, org.springframework.boot.test.autoconfigure.restdocs.RestDocsTestExecutionListener@24216d65, org.springframework.boot.test.autoconfigure.web.client.MockRestServiceServerResetTestExecutionListener@e5c4ff8, org.springframework.boot.test.autoconfigure.web.servlet.MockMvcPrintOnlyOnFailureTestExecutionListener@42f1c951, org.springframework.boot.test.autoconfigure.web.servlet.WebDriverTestExecutionListener@3ab8ccc8, org.springframework.boot.test.mock.mockito.ResetMocksTestExecutionListener@155dc4bf]
]]></system-out>
  <system-err><![CDATA[]]></system-err>
</testsuite>
